#
# A fatal error has been detected by the Java Runtime Environment:
#
#  EXCEPTION_ACCESS_VIOLATION (0xc0000005) at pc=0x000000006753b620, pid=4796, tid=4736
#
# JRE version: Java(TM) SE Runtime Environment (8.0_65-b17) (build 1.8.0_65-b17)
# Java VM: Java HotSpot(TM) 64-Bit Server VM (25.65-b01 mixed mode windows-amd64 compressed oops)
# Problematic frame:
# V  [jvm.dll+0xeb620]
#
# Failed to write core dump. Minidumps are not enabled by default on client versions of Windows
#
# If you would like to submit a bug report, please visit:
#   http://bugreport.java.com/bugreport/crash.jsp
#

---------------  T H R E A D  ---------------

Current thread (0x00000000179c5000):  JavaThread "Daemon worker Thread 5" [_thread_in_vm, id=4736, stack(0x00000000186e0000,0x00000000187e0000)]

siginfo: ExceptionCode=0xc0000005, writing address 0x0000000000000011

Registers:
RAX=0x0000000000000011, RBX=0x0000000000000000, RCX=0x0000000000000011, RDX=0x0000000000000000
RSP=0x00000000187d9eb8, RBP=0x00000000000007ff, RSI=0x00000000ee5ec3a0, RDI=0x0000000000000010
R8 =0x0000000000000010, R9 =0x0000000000000010, R10=0x00000000ee5ec378, R11=0x0000000000000000
R12=0x0000000000000000, R13=0x000000001997d520, R14=0x000000001997d530, R15=0x000000001997d908
RIP=0x000000006753b620, EFLAGS=0x0000000000010246

Top of Stack: (sp=0x00000000187d9eb8)
0x00000000187d9eb8:   00000000676c9d48 00000000187d9fa0
0x00000000187d9ec8:   0000000000000000 00000000179c5000
0x00000000187d9ed8:   00000000674cd50d 00000000ee5ec378
0x00000000187d9ee8:   00000000675942d0 0000000000000010
0x00000000187d9ef8:   000000001b3c6680 00000000179c5000
0x00000000187d9f08:   00000000187da0b0 0000000000000000
0x00000000187d9f18:   000000006759351e 00000000179c5000
0x00000000187d9f28:   0000000000000000 0000000000000000
0x00000000187d9f38:   000000006759336c 0000000000000010
0x00000000187d9f48:   00000000179c51f8 0000000000000000
0x00000000187d9f58:   00000000187da0a0 00000000187d9fa0
0x00000000187d9f68:   0000000067331aee 00000000000003d8
0x00000000187d9f78:   00000000ee5ec300 00000000187da0b0
0x00000000187d9f88:   0000000000000000 00000000187d9fa0
0x00000000187d9f98:   0000000000000001 646172672f67726f
0x00000000187d9fa8:   692f6970612f656c 2f6c616e7265746e 

Instructions: (pc=0x000000006753b620)
0x000000006753b600:   ff ff ff cc cc cc cc cc cc cc cc cc cc cc cc cc
0x000000006753b610:   48 8b 89 30 01 00 00 e9 44 a3 f3 ff cc cc cc cc
0x000000006753b620:   48 89 5c 24 08 57 48 83 ec 20 48 8b f9 8b 0d 65
0x000000006753b630:   c0 6b 00 8b da ff 15 b5 7d 4e 00 44 8b c3 48 8b 


Register to memory mapping:

RAX=0x0000000000000011 is an unknown value
RBX=0x0000000000000000 is an unknown value
RCX=0x0000000000000011 is an unknown value
RDX=0x0000000000000000 is an unknown value
RSP=0x00000000187d9eb8 is pointing into the stack for thread: 0x00000000179c5000
RBP=0x00000000000007ff is an unknown value
RSI=0x00000000ee5ec3a0 is an oop

[error occurred during error reporting (printing register info), id 0xc0000005]

Stack: [0x00000000186e0000,0x00000000187e0000],  sp=0x00000000187d9eb8,  free space=999k
Native frames: (J=compiled Java code, j=interpreted, Vv=VM code, C=native code)
V  [jvm.dll+0xeb620]
V  [jvm.dll+0x279d48]
V  [jvm.dll+0x1442d0]
C  [java.dll+0x1aee]
C  0x000000000243f145

Java frames: (J=compiled Java code, j=interpreted, Vv=VM code)
J 1521  java.lang.Class.forName0(Ljava/lang/String;ZLjava/lang/ClassLoader;Ljava/lang/Class;)Ljava/lang/Class; (0 bytes) @ 0x000000000243f0c7 [0x000000000243f040+0x87]
J 6782 C2 java.lang.Class.forName(Ljava/lang/String;ZLjava/lang/ClassLoader;)Ljava/lang/Class; (53 bytes) @ 0x000000000336f208 [0x000000000336f1e0+0x28]
J 5144 C1 sun.reflect.generics.visitor.Reifier.visitClassTypeSignature(Lsun/reflect/generics/tree/ClassTypeSignature;)V (381 bytes) @ 0x00000000030c4564 [0x00000000030c36a0+0xec4]
J 7957 C2 sun.reflect.generics.tree.ClassTypeSignature.accept(Lsun/reflect/generics/visitor/TypeTreeVisitor;)V (8 bytes) @ 0x00000000027369e8 [0x00000000027369a0+0x48]
J 4540 C2 java.lang.reflect.Executable.sharedToGenericString(IZ)Ljava/lang/String; (329 bytes) @ 0x0000000002f0de20 [0x0000000002f0b540+0x28e0]
J 13027 C2 java.lang.reflect.Method.toGenericString()Ljava/lang/String; (12 bytes) @ 0x0000000002670350 [0x00000000026702e0+0x70]
j  java.beans.MethodRef.find(Ljava/lang/Class;Ljava/lang/String;)Ljava/lang/reflect/Method;+41
J 13028 C1 java.beans.MethodRef.get()Ljava/lang/reflect/Method; (92 bytes) @ 0x00000000026c88cc [0x00000000026c8400+0x4cc]
J 13049 C1 java.beans.PropertyDescriptor.getReadMethod()Ljava/lang/reflect/Method; (175 bytes) @ 0x00000000030cdbf4 [0x00000000030cda20+0x1d4]
J 4617 C1 groovy.lang.MetaClassImpl.applyPropertyDescriptors([Ljava/beans/PropertyDescriptor;)V (151 bytes) @ 0x0000000002eeae14 [0x0000000002eea400+0xa14]
J 6494 C1 groovy.lang.MetaClassImpl.setupProperties([Ljava/beans/PropertyDescriptor;)V (300 bytes) @ 0x00000000034b076c [0x00000000034adb40+0x2c2c]
j  groovy.lang.MetaClassImpl.addProperties()V+72
J 6490 C1 groovy.lang.MetaClassImpl.initialize()V (35 bytes) @ 0x000000000349c65c [0x000000000349c400+0x25c]
J 6461 C1 org.codehaus.groovy.reflection.ClassInfo.getMetaClassUnderLock()Lgroovy/lang/MetaClass; (75 bytes) @ 0x0000000003468c5c [0x0000000003468240+0xa1c]
j  org.codehaus.groovy.reflection.ClassInfo.getMetaClass()Lgroovy/lang/MetaClass;+16
j  org.codehaus.groovy.runtime.metaclass.MetaClassRegistryImpl.getMetaClass(Ljava/lang/Class;)Lgroovy/lang/MetaClass;+4
j  groovy.lang.MetaClassImpl.findPropertyInClassHierarchy(Ljava/lang/String;Lorg/codehaus/groovy/reflection/CachedClass;)Lgroovy/lang/MetaBeanProperty;+30
j  groovy.lang.MetaClassImpl.getMetaProperty(Ljava/lang/String;)Lgroovy/lang/MetaProperty;+100
j  groovy.lang.MetaClassImpl.hasProperty(Ljava/lang/Object;Ljava/lang/String;)Lgroovy/lang/MetaProperty;+2
J 8227 C2 org.gradle.api.internal.CompositeDynamicObject.getProperty(Ljava/lang/String;)Ljava/lang/Object; (128 bytes) @ 0x00000000038e2f4c [0x00000000038e2e40+0x10c]
j  org.gradle.api.tasks.Delete_Decorated.getProperty(Ljava/lang/String;)Ljava/lang/Object;+5
J 6401 C1 org.codehaus.groovy.runtime.InvokerHelper.getProperty(Ljava/lang/Object;Ljava/lang/String;)Ljava/lang/Object; (75 bytes) @ 0x000000000342870c [0x0000000003427180+0x158c]
J 7846 C1 groovy.lang.Closure.getPropertyTryThese(Ljava/lang/String;Ljava/lang/Object;Ljava/lang/Object;)Ljava/lang/Object; (60 bytes) @ 0x00000000028a2af4 [0x00000000028a2a60+0x94]
J 7845 C1 groovy.lang.Closure.getProperty(Ljava/lang/String;)Ljava/lang/Object; (204 bytes) @ 0x00000000027b51f4 [0x00000000027b3d80+0x1474]
J 8275 C2 org.codehaus.groovy.runtime.callsite.PogoGetPropertySite.getProperty(Ljava/lang/Object;)Ljava/lang/Object; (20 bytes) @ 0x00000000038cd8d0 [0x00000000038cd860+0x70]
J 6553 C1 org.codehaus.groovy.runtime.callsite.AbstractCallSite.callGroovyObjectGetProperty(Ljava/lang/Object;)Ljava/lang/Object; (33 bytes) @ 0x00000000034e7484 [0x00000000034e7240+0x244]
j  build_7312puy1se8ybix1bao2kwdsm$_run_closure2.doCall(Ljava/lang/Object;)Ljava/lang/Object;+18
v  ~StubRoutines::call_stub
J 2208  sun.reflect.NativeMethodAccessorImpl.invoke0(Ljava/lang/reflect/Method;Ljava/lang/Object;[Ljava/lang/Object;)Ljava/lang/Object; (0 bytes) @ 0x000000000272193f [0x00000000027218c0+0x7f]
J 9123 C2 sun.reflect.NativeMethodAccessorImpl.invoke(Ljava/lang/Object;[Ljava/lang/Object;)Ljava/lang/Object; (104 bytes) @ 0x0000000002a58250 [0x0000000002a581e0+0x70]
J 8355 C2 groovy.lang.MetaMethod.doMethodInvoke(Ljava/lang/Object;[Ljava/lang/Object;)Ljava/lang/Object; (22 bytes) @ 0x000000000399ad28 [0x000000000399ab60+0x1c8]
J 6405 C1 org.codehaus.groovy.runtime.metaclass.ClosureMetaClass.invokeMethod(Ljava/lang/Class;Ljava/lang/Object;Ljava/lang/String;[Ljava/lang/Object;ZZ)Ljava/lang/Object; (894 bytes) @ 0x000000000342f874 [0x000000000342b780+0x40f4]
J 6399 C1 groovy.lang.MetaClassImpl.invokeMethod(Ljava/lang/Object;Ljava/lang/String;[Ljava/lang/Object;)Ljava/lang/Object; (14 bytes) @ 0x0000000003414f2c [0x0000000003414e00+0x12c]
J 6464 C1 groovy.lang.Closure.call([Ljava/lang/Object;)Ljava/lang/Object; (30 bytes) @ 0x00000000034674d4 [0x00000000034670a0+0x434]
J 6465 C1 groovy.lang.Closure.call(Ljava/lang/Object;)Ljava/lang/Object; (13 bytes) @ 0x00000000034810ec [0x0000000003480e40+0x2ac]
J 13043 C1 org.gradle.api.internal.ClosureBackedAction.execute(Ljava/lang/Object;)V (133 bytes) @ 0x0000000004114da4 [0x0000000004114640+0x764]
j  org.gradle.util.ConfigureUtil.configure(Lgroovy/lang/Closure;Ljava/lang/Object;IZ)Ljava/lang/Object;+15
j  org.gradle.util.ConfigureUtil.configure(Lgroovy/lang/Closure;Ljava/lang/Object;Z)Ljava/lang/Object;+4
j  org.gradle.api.internal.AbstractTask.configure(Lgroovy/lang/Closure;)Lorg/gradle/api/Task;+3
j  org.gradle.api.internal.project.AbstractProject.task(Ljava/util/Map;Ljava/lang/String;Lgroovy/lang/Closure;)Lorg/gradle/api/Task;+21
v  ~StubRoutines::call_stub
J 2208  sun.reflect.NativeMethodAccessorImpl.invoke0(Ljava/lang/reflect/Method;Ljava/lang/Object;[Ljava/lang/Object;)Ljava/lang/Object; (0 bytes) @ 0x000000000272193f [0x00000000027218c0+0x7f]
J 9123 C2 sun.reflect.NativeMethodAccessorImpl.invoke(Ljava/lang/Object;[Ljava/lang/Object;)Ljava/lang/Object; (104 bytes) @ 0x0000000002a58250 [0x0000000002a581e0+0x70]
J 8355 C2 groovy.lang.MetaMethod.doMethodInvoke(Ljava/lang/Object;[Ljava/lang/Object;)Ljava/lang/Object; (22 bytes) @ 0x000000000399ad28 [0x000000000399ab60+0x1c8]
J 6407 C1 groovy.lang.MetaClassImpl.invokeMethod(Ljava/lang/Class;Ljava/lang/Object;Ljava/lang/String;[Ljava/lang/Object;ZZ)Ljava/lang/Object; (1093 bytes) @ 0x000000000343bedc [0x0000000003436ba0+0x533c]
J 6399 C1 groovy.lang.MetaClassImpl.invokeMethod(Ljava/lang/Object;Ljava/lang/String;[Ljava/lang/Object;)Ljava/lang/Object; (14 bytes) @ 0x0000000003414f2c [0x0000000003414e00+0x12c]
j  org.gradle.api.internal.BeanDynamicObject$MetaClassAdapter.invokeMethod(Ljava/lang/String;[Ljava/lang/Object;)Ljava/lang/Object;+16
j  org.gradle.api.internal.BeanDynamicObject.invokeMethod(Ljava/lang/String;[Ljava/lang/Object;)Ljava/lang/Object;+6
j  org.gradle.api.internal.CompositeDynamicObject.invokeMethod(Ljava/lang/String;[Ljava/lang/Object;)Ljava/lang/Object;+41
j  org.gradle.groovy.scripts.BasicScript.methodMissing(Ljava/lang/String;Ljava/lang/Object;)Ljava/lang/Object;+12
v  ~StubRoutines::call_stub
J 2208  sun.reflect.NativeMethodAccessorImpl.invoke0(Ljava/lang/reflect/Method;Ljava/lang/Object;[Ljava/lang/Object;)Ljava/lang/Object; (0 bytes) @ 0x000000000272193f [0x00000000027218c0+0x7f]
J 9123 C2 sun.reflect.NativeMethodAccessorImpl.invoke(Ljava/lang/Object;[Ljava/lang/Object;)Ljava/lang/Object; (104 bytes) @ 0x0000000002a58250 [0x0000000002a581e0+0x70]
J 6462 C2 org.codehaus.groovy.reflection.CachedMethod.invoke(Ljava/lang/Object;[Ljava/lang/Object;)Ljava/lang/Object; (70 bytes) @ 0x00000000034843c8 [0x0000000003484340+0x88]
j  groovy.lang.MetaClassImpl.invokeMissingMethod(Ljava/lang/Object;Ljava/lang/String;[Ljava/lang/Object;Ljava/lang/RuntimeException;Z)Ljava/lang/Object;+184
j  groovy.lang.MetaClassImpl.invokePropertyOrMissing(Ljava/lang/Object;Ljava/lang/String;[Ljava/lang/Object;ZZ)Ljava/lang/Object;+153
J 6407 C1 groovy.lang.MetaClassImpl.invokeMethod(Ljava/lang/Class;Ljava/lang/Object;Ljava/lang/String;[Ljava/lang/Object;ZZ)Ljava/lang/Object; (1093 bytes) @ 0x000000000343bf3c [0x0000000003436ba0+0x539c]
J 6399 C1 groovy.lang.MetaClassImpl.invokeMethod(Ljava/lang/Object;Ljava/lang/String;[Ljava/lang/Object;)Ljava/lang/Object; (14 bytes) @ 0x0000000003414f2c [0x0000000003414e00+0x12c]
J 8932 C1 org.codehaus.groovy.runtime.callsite.PogoMetaClassSite.callCurrent(Lgroovy/lang/GroovyObject;[Ljava/lang/Object;)Ljava/lang/Object; (92 bytes) @ 0x0000000003798ff4 [0x0000000003798b80+0x474]
j  org.codehaus.groovy.runtime.callsite.CallSiteArray.defaultCallCurrent(Lorg/codehaus/groovy/runtime/callsite/CallSite;Lgroovy/lang/GroovyObject;[Ljava/lang/Object;)Ljava/lang/Object;+17
j  org.codehaus.groovy.runtime.callsite.AbstractCallSite.callCurrent(Lgroovy/lang/GroovyObject;[Ljava/lang/Object;)Ljava/lang/Object;+3
j  org.codehaus.groovy.runtime.callsite.AbstractCallSite.callCurrent(Lgroovy/lang/GroovyObject;Ljava/lang/Object;Ljava/lang/Object;Ljava/lang/Object;)Ljava/lang/Object;+42
j  build_7312puy1se8ybix1bao2kwdsm.run()Ljava/lang/Object;+57
j  org.gradle.groovy.scripts.internal.DefaultScriptRunnerFactory$ScriptRunnerImpl.run(Ljava/lang/Object;Lorg/gradle/internal/service/ServiceRegistry;)V+60
j  org.gradle.configuration.DefaultScriptPluginFactory$ScriptPluginImpl$1.run()V+12
j  org.gradle.configuration.ProjectScriptTarget.addConfiguration(Ljava/lang/Runnable;Z)V+18
j  org.gradle.configuration.DefaultScriptPluginFactory$ScriptPluginImpl.apply(Ljava/lang/Object;)V+512
j  org.gradle.configuration.project.BuildScriptProcessor.execute(Lorg/gradle/api/internal/project/ProjectInternal;)V+80
j  org.gradle.configuration.project.BuildScriptProcessor.execute(Ljava/lang/Object;)V+5
j  org.gradle.configuration.project.ConfigureActionsProjectEvaluator.evaluate(Lorg/gradle/api/internal/project/ProjectInternal;Lorg/gradle/api/internal/project/ProjectStateInternal;)V+33
j  org.gradle.configuration.project.LifecycleProjectEvaluator.evaluate(Lorg/gradle/api/internal/project/ProjectInternal;Lorg/gradle/api/internal/project/ProjectStateInternal;)V+54
j  org.gradle.api.internal.project.AbstractProject.evaluate()Lorg/gradle/api/internal/project/AbstractProject;+9
j  org.gradle.api.internal.project.AbstractProject.evaluate()Lorg/gradle/api/Project;+1
j  org.gradle.execution.TaskPathProjectEvaluator.configure(Lorg/gradle/api/internal/project/ProjectInternal;)V+21
j  org.gradle.configuration.DefaultBuildConfigurer.configure(Lorg/gradle/api/internal/GradleInternal;)V+32
j  org.gradle.initialization.DefaultGradleLauncher$2.run()V+14
J 4202 C1 org.gradle.internal.Factories$1.create()Ljava/lang/Object; (11 bytes) @ 0x0000000002ddaac4 [0x0000000002dda9c0+0x104]
j  org.gradle.internal.progress.DefaultBuildOperationExecutor.run(Lorg/gradle/internal/progress/BuildOperationDetails;Lorg/gradle/internal/Factory;)Ljava/lang/Object;+171
j  org.gradle.internal.progress.DefaultBuildOperationExecutor.run(Ljava/lang/String;Ljava/lang/Runnable;)V+12
j  org.gradle.initialization.DefaultGradleLauncher.doBuildStages(Lorg/gradle/initialization/DefaultGradleLauncher$Stage;)V+39
j  org.gradle.initialization.DefaultGradleLauncher.access$200(Lorg/gradle/initialization/DefaultGradleLauncher;Lorg/gradle/initialization/DefaultGradleLauncher$Stage;)V+2
j  org.gradle.initialization.DefaultGradleLauncher$1.create()Lorg/gradle/BuildResult;+29
j  org.gradle.initialization.DefaultGradleLauncher$1.create()Ljava/lang/Object;+1
j  org.gradle.internal.progress.DefaultBuildOperationExecutor.run(Lorg/gradle/internal/progress/BuildOperationDetails;Lorg/gradle/internal/Factory;)Ljava/lang/Object;+171
j  org.gradle.internal.progress.DefaultBuildOperationExecutor.run(Ljava/lang/String;Lorg/gradle/internal/Factory;)Ljava/lang/Object;+9
j  org.gradle.initialization.DefaultGradleLauncher.doBuild(Lorg/gradle/initialization/DefaultGradleLauncher$Stage;)Lorg/gradle/BuildResult;+25
j  org.gradle.initialization.DefaultGradleLauncher.run()Lorg/gradle/BuildResult;+4
j  org.gradle.launcher.exec.InProcessBuildActionExecuter$DefaultBuildController.run()Lorg/gradle/api/internal/GradleInternal;+4
j  org.gradle.tooling.internal.provider.runner.BuildModelActionRunner.run(Lorg/gradle/internal/invocation/BuildAction;Lorg/gradle/internal/invocation/BuildController;)V+29
j  org.gradle.launcher.exec.ChainingBuildActionRunner.run(Lorg/gradle/internal/invocation/BuildAction;Lorg/gradle/internal/invocation/BuildController;)V+34
j  org.gradle.tooling.internal.provider.runner.SubscribableBuildActionRunner.run(Lorg/gradle/internal/invocation/BuildAction;Lorg/gradle/internal/invocation/BuildController;)V+37
j  org.gradle.launcher.exec.ChainingBuildActionRunner.run(Lorg/gradle/internal/invocation/BuildAction;Lorg/gradle/internal/invocation/BuildController;)V+34
j  org.gradle.launcher.exec.InProcessBuildActionExecuter.execute(Lorg/gradle/internal/invocation/BuildAction;Lorg/gradle/initialization/BuildRequestContext;Lorg/gradle/launcher/exec/BuildActionParameters;Lorg/gradle/internal/service/ServiceRegistry;)Ljava/lang/Object;+63
j  org.gradle.launcher.exec.InProcessBuildActionExecuter.execute(Lorg/gradle/internal/invocation/BuildAction;Lorg/gradle/initialization/BuildRequestContext;Ljava/lang/Object;Lorg/gradle/internal/service/ServiceRegistry;)Ljava/lang/Object;+9
j  org.gradle.launcher.exec.ContinuousBuildActionExecuter.execute(Lorg/gradle/internal/invocation/BuildAction;Lorg/gradle/initialization/BuildRequestContext;Lorg/gradle/launcher/exec/BuildActionParameters;Lorg/gradle/internal/service/ServiceRegistry;)Ljava/lang/Object;+70
j  org.gradle.launcher.exec.ContinuousBuildActionExecuter.execute(Lorg/gradle/internal/invocation/BuildAction;Lorg/gradle/initialization/BuildRequestContext;Ljava/lang/Object;Lorg/gradle/internal/service/ServiceRegistry;)Ljava/lang/Object;+9
j  org.gradle.launcher.daemon.server.exec.ExecuteBuild.doBuild(Lorg/gradle/launcher/daemon/server/api/DaemonCommandExecution;Lorg/gradle/launcher/daemon/protocol/Build;)V+74
j  org.gradle.launcher.daemon.server.exec.BuildCommandOnly.execute(Lorg/gradle/launcher/daemon/server/api/DaemonCommandExecution;)V+49
j  org.gradle.launcher.daemon.server.api.DaemonCommandExecution.proceed()Z+28
j  org.gradle.launcher.daemon.server.exec.WatchForDisconnection.execute(Lorg/gradle/launcher/daemon/server/api/DaemonCommandExecution;)V+19
j  org.gradle.launcher.daemon.server.api.DaemonCommandExecution.proceed()Z+28
j  org.gradle.launcher.daemon.server.exec.ResetDeprecationLogger.execute(Lorg/gradle/launcher/daemon/server/api/DaemonCommandExecution;)V+4
j  org.gradle.launcher.daemon.server.api.DaemonCommandExecution.proceed()Z+28
j  org.gradle.launcher.daemon.server.exec.RequestStopIfSingleUsedDaemon.execute(Lorg/gradle/launcher/daemon/server/api/DaemonCommandExecution;)V+31
j  org.gradle.launcher.daemon.server.api.DaemonCommandExecution.proceed()Z+28
j  org.gradle.launcher.daemon.server.exec.ForwardClientInput$2.call()Ljava/lang/Void;+4
j  org.gradle.launcher.daemon.server.exec.ForwardClientInput$2.call()Ljava/lang/Object;+1
j  org.gradle.util.Swapper.swap(Ljava/lang/Object;Ljava/util/concurrent/Callable;)Ljava/lang/Object;+21
j  org.gradle.launcher.daemon.server.exec.ForwardClientInput.execute(Lorg/gradle/launcher/daemon/server/api/DaemonCommandExecution;)V+63
j  org.gradle.launcher.daemon.server.api.DaemonCommandExecution.proceed()Z+28
j  org.gradle.launcher.daemon.server.health.DaemonHealthTracker.execute(Lorg/gradle/launcher/daemon/server/api/DaemonCommandExecution;)V+35
j  org.gradle.launcher.daemon.server.api.DaemonCommandExecution.proceed()Z+28
j  org.gradle.launcher.daemon.server.exec.LogToClient.doBuild(Lorg/gradle/launcher/daemon/server/api/DaemonCommandExecution;Lorg/gradle/launcher/daemon/protocol/Build;)V+106
j  org.gradle.launcher.daemon.server.exec.BuildCommandOnly.execute(Lorg/gradle/launcher/daemon/server/api/DaemonCommandExecution;)V+49
j  org.gradle.launcher.daemon.server.api.DaemonCommandExecution.proceed()Z+28
j  org.gradle.launcher.daemon.server.exec.EstablishBuildEnvironment.doBuild(Lorg/gradle/launcher/daemon/server/api/DaemonCommandExecution;Lorg/gradle/launcher/daemon/protocol/Build;)V+243
j  org.gradle.launcher.daemon.server.exec.BuildCommandOnly.execute(Lorg/gradle/launcher/daemon/server/api/DaemonCommandExecution;)V+49
j  org.gradle.launcher.daemon.server.api.DaemonCommandExecution.proceed()Z+28
j  org.gradle.launcher.daemon.server.health.HintGCAfterBuild.execute(Lorg/gradle/launcher/daemon/server/api/DaemonCommandExecution;)V+1
j  org.gradle.launcher.daemon.server.api.DaemonCommandExecution.proceed()Z+28
j  org.gradle.launcher.daemon.server.exec.StartBuildOrRespondWithBusy$1.run()V+44
j  org.gradle.launcher.daemon.server.DaemonStateCoordinator$1.run()V+4
j  org.gradle.internal.concurrent.ExecutorPolicy$CatchAndRecordFailures.onExecute(Ljava/lang/Runnable;)V+1
j  org.gradle.internal.concurrent.StoppableExecutorImpl$1.run()V+25
j  java.util.concurrent.ThreadPoolExecutor.runWorker(Ljava/util/concurrent/ThreadPoolExecutor$Worker;)V+95
j  java.util.concurrent.ThreadPoolExecutor$Worker.run()V+5
j  java.lang.Thread.run()V+11
v  ~StubRoutines::call_stub

---------------  P R O C E S S  ---------------

Java Threads: ( => current thread )
  0x00000000179c3000 JavaThread "Stdin handler" [_thread_blocked, id=4436, stack(0x00000000187e0000,0x00000000188e0000)]
=>0x00000000179c5000 JavaThread "Daemon worker Thread 5" [_thread_in_vm, id=4736, stack(0x00000000186e0000,0x00000000187e0000)]
  0x00000000179c6000 JavaThread "Cancel handler" [_thread_blocked, id=680, stack(0x00000000185e0000,0x00000000186e0000)]
  0x00000000179c2000 JavaThread "Handler for socket connection from /127.0.0.1:61042 to /127.0.0.1:61713" [_thread_in_native, id=5724, stack(0x00000000184e0000,0x00000000185e0000)]
  0x00000000179c3800 JavaThread "Daemon Thread 5" [_thread_blocked, id=3492, stack(0x00000000183e0000,0x00000000184e0000)]
  0x0000000017453000 JavaThread "File lock request listener" [_thread_in_native, id=4332, stack(0x000000001a320000,0x000000001a420000)]
  0x0000000017128800 JavaThread "Incoming local TCP Connector on port 61042" [_thread_in_native, id=6052, stack(0x0000000017ff0000,0x00000000180f0000)]
  0x0000000015fc3800 JavaThread "Service Thread" daemon [_thread_blocked, id=3944, stack(0x0000000016340000,0x0000000016440000)]
  0x0000000014655000 JavaThread "C1 CompilerThread2" daemon [_thread_blocked, id=2816, stack(0x0000000015e40000,0x0000000015f40000)]
  0x000000001464e000 JavaThread "C2 CompilerThread1" daemon [_thread_blocked, id=2880, stack(0x0000000015d40000,0x0000000015e40000)]
  0x000000001464b800 JavaThread "C2 CompilerThread0" daemon [_thread_blocked, id=2948, stack(0x0000000015c40000,0x0000000015d40000)]
  0x0000000014649800 JavaThread "Attach Listener" daemon [_thread_blocked, id=4572, stack(0x0000000015b40000,0x0000000015c40000)]
  0x0000000014648800 JavaThread "Signal Dispatcher" daemon [_thread_blocked, id=5704, stack(0x0000000015a40000,0x0000000015b40000)]
  0x0000000001f27000 JavaThread "Finalizer" daemon [_thread_blocked, id=3040, stack(0x0000000015860000,0x0000000015960000)]
  0x0000000001f1e000 JavaThread "Reference Handler" daemon [_thread_blocked, id=3216, stack(0x0000000015760000,0x0000000015860000)]
  0x000000000057e800 JavaThread "main" [_thread_blocked, id=2764, stack(0x0000000001d00000,0x0000000001e00000)]

Other Threads:
  0x00000000145c7800 VMThread [stack: 0x0000000015660000,0x0000000015760000] [id=256]
  0x0000000016006800 WatcherThread [stack: 0x0000000016440000,0x0000000016540000] [id=3712]

VM state:not at safepoint (normal execution)

VM Mutex/Monitor currently owned by a thread: None

Heap:
 PSYoungGen      total 252416K, used 60479K [0x00000000eab00000, 0x00000000fcd80000, 0x0000000100000000)
  eden space 250368K, 24% used [0x00000000eab00000,0x00000000ee60fff8,0x00000000f9f80000)
  from space 2048K, 0% used [0x00000000fa600000,0x00000000fa600000,0x00000000fa800000)
  to   space 23552K, 0% used [0x00000000fb680000,0x00000000fb680000,0x00000000fcd80000)
 ParOldGen       total 117760K, used 44790K [0x00000000c0000000, 0x00000000c7300000, 0x00000000eab00000)
  object space 117760K, 38% used [0x00000000c0000000,0x00000000c2bbd910,0x00000000c7300000)
 Metaspace       used 61444K, capacity 63678K, committed 66816K, reserved 1107968K
  class space    used 8060K, capacity 8420K, committed 9216K, reserved 1048576K

Card table byte_map: [0x00000000112f0000,0x0000000011500000] byte_map_base: 0x0000000010cf0000

Marking Bits: (ParMarkBitMap*) 0x0000000067c5a5b0
 Begin Bits: [0x0000000011a60000, 0x0000000012a60000)
 End Bits:   [0x0000000012a60000, 0x0000000013a60000)

Polling page: 0x0000000000390000

CodeCache: size=245760Kb used=38574Kb max_used=38872Kb free=207185Kb
 bounds [0x0000000001f30000, 0x0000000004590000, 0x0000000010f30000]
 total_blobs=10899 nmethods=10173 adapters=635
 compilation: enabled

Compilation events (10 events):
Event: 4143.515 Thread 0x0000000014655000 nmethod 13081 0x0000000003f09ed0 code [0x0000000003f0a320, 0x0000000003f0d048]
Event: 4143.515 Thread 0x0000000014655000 13080       3       groovy.lang.MetaClassImpl::<init> (30 bytes)
Event: 4143.562 Thread 0x0000000014655000 nmethod 13080 0x0000000002abfb10 code [0x0000000002abfca0, 0x0000000002ac0238]
Event: 4143.994 Thread 0x000000001464e000 nmethod 13076 0x0000000003df3b50 code [0x0000000003df3ea0, 0x0000000003df5c58]
Event: 4144.084 Thread 0x000000001464b800 13083 %     4       java.util.ComparableTimSort::binarySort @ 72 (223 bytes)
Event: 4144.157 Thread 0x000000001464b800 nmethod 13083% 0x0000000003e1ecd0 code [0x0000000003e1ee40, 0x0000000003e1f678]
Event: 4144.243 Thread 0x000000001464e000 13084       4       sun.reflect.generics.parser.SignatureParser::parseTypeSignature (130 bytes)
Event: 4144.378 Thread 0x0000000014655000 13085       3       sun.reflect.generics.visitor.Reifier::reifyTypeArguments (38 bytes)
Event: 4144.380 Thread 0x0000000014655000 nmethod 13085 0x0000000003ed5690 code [0x0000000003ed5820, 0x0000000003ed5d08]
Event: 4144.467 Thread 0x000000001464e000 nmethod 13084 0x00000000027d9c50 code [0x00000000027d9fe0, 0x00000000027da840]

GC Heap History (10 events):
Event: 951.741 GC heap before
{Heap before GC invocations=24 (full 5):
 PSYoungGen      total 251904K, used 67262K [0x00000000eab00000, 0x00000000fdb00000, 0x0000000100000000)
  eden space 228352K, 24% used [0x00000000eab00000,0x00000000ee138f78,0x00000000f8a00000)
  from space 23552K, 49% used [0x00000000fa080000,0x00000000fabf6b30,0x00000000fb780000)
  to   space 23040K, 0% used [0x00000000f8a00000,0x00000000f8a00000,0x00000000fa080000)
 ParOldGen       total 117760K, used 59811K [0x00000000c0000000, 0x00000000c7300000, 0x00000000eab00000)
  object space 117760K, 50% used [0x00000000c0000000,0x00000000c3a68ef8,0x00000000c7300000)
 Metaspace       used 62823K, capacity 65950K, committed 66176K, reserved 1105920K
  class space    used 8429K, capacity 9083K, committed 9088K, reserved 1048576K
Event: 952.027 GC heap after
Heap after GC invocations=24 (full 5):
 PSYoungGen      total 251392K, used 12201K [0x00000000eab00000, 0x00000000fda00000, 0x0000000100000000)
  eden space 228352K, 0% used [0x00000000eab00000,0x00000000eab00000,0x00000000f8a00000)
  from space 23040K, 52% used [0x00000000f8a00000,0x00000000f95ea648,0x00000000fa080000)
  to   space 22528K, 0% used [0x00000000fc400000,0x00000000fc400000,0x00000000fda00000)
 ParOldGen       total 117760K, used 59819K [0x00000000c0000000, 0x00000000c7300000, 0x00000000eab00000)
  object space 117760K, 50% used [0x00000000c0000000,0x00000000c3a6aef8,0x00000000c7300000)
 Metaspace       used 62823K, capacity 65950K, committed 66176K, reserved 1105920K
  class space    used 8429K, capacity 9083K, committed 9088K, reserved 1048576K
}
Event: 952.027 GC heap before
{Heap before GC invocations=25 (full 6):
 PSYoungGen      total 251392K, used 12201K [0x00000000eab00000, 0x00000000fda00000, 0x0000000100000000)
  eden space 228352K, 0% used [0x00000000eab00000,0x00000000eab00000,0x00000000f8a00000)
  from space 23040K, 52% used [0x00000000f8a00000,0x00000000f95ea648,0x00000000fa080000)
  to   space 22528K, 0% used [0x00000000fc400000,0x00000000fc400000,0x00000000fda00000)
 ParOldGen       total 117760K, used 59819K [0x00000000c0000000, 0x00000000c7300000, 0x00000000eab00000)
  object space 117760K, 50% used [0x00000000c0000000,0x00000000c3a6aef8,0x00000000c7300000)
 Metaspace       used 62823K, capacity 65950K, committed 66176K, reserved 1105920K
  class space    used 8429K, capacity 9083K, committed 9088K, reserved 1048576K
Event: 952.555 GC heap after
Heap after GC invocations=25 (full 6):
 PSYoungGen      total 251392K, used 0K [0x00000000eab00000, 0x00000000fda00000, 0x0000000100000000)
  eden space 228352K, 0% used [0x00000000eab00000,0x00000000eab00000,0x00000000f8a00000)
  from space 23040K, 0% used [0x00000000f8a00000,0x00000000f8a00000,0x00000000fa080000)
  to   space 22528K, 0% used [0x00000000fc400000,0x00000000fc400000,0x00000000fda00000)
 ParOldGen       total 117760K, used 66291K [0x00000000c0000000, 0x00000000c7300000, 0x00000000eab00000)
  object space 117760K, 56% used [0x00000000c0000000,0x00000000c40bce88,0x00000000c7300000)
 Metaspace       used 62823K, capacity 65950K, committed 66176K, reserved 1105920K
  class space    used 8429K, capacity 9083K, committed 9088K, reserved 1048576K
}
Event: 3297.223 GC heap before
{Heap before GC invocations=26 (full 6):
 PSYoungGen      total 251392K, used 228352K [0x00000000eab00000, 0x00000000fda00000, 0x0000000100000000)
  eden space 228352K, 100% used [0x00000000eab00000,0x00000000f8a00000,0x00000000f8a00000)
  from space 23040K, 0% used [0x00000000f8a00000,0x00000000f8a00000,0x00000000fa080000)
  to   space 22528K, 0% used [0x00000000fc400000,0x00000000fc400000,0x00000000fda00000)
 ParOldGen       total 117760K, used 66291K [0x00000000c0000000, 0x00000000c7300000, 0x00000000eab00000)
  object space 117760K, 56% used [0x00000000c0000000,0x00000000c40bce88,0x00000000c7300000)
 Metaspace       used 63052K, capacity 66452K, committed 66560K, reserved 1105920K
  class space    used 8454K, capacity 9153K, committed 9216K, reserved 1048576K
Event: 3301.239 GC heap after
Heap after GC invocations=26 (full 6):
 PSYoungGen      total 266752K, used 15957K [0x00000000eab00000, 0x00000000fd400000, 0x0000000100000000)
  eden space 250368K, 0% used [0x00000000eab00000,0x00000000eab00000,0x00000000f9f80000)
  from space 16384K, 97% used [0x00000000fc400000,0x00000000fd3954e0,0x00000000fd400000)
  to   space 23552K, 0% used [0x00000000fa600000,0x00000000fa600000,0x00000000fbd00000)
 ParOldGen       total 117760K, used 66299K [0x00000000c0000000, 0x00000000c7300000, 0x00000000eab00000)
  object space 117760K, 56% used [0x00000000c0000000,0x00000000c40bee88,0x00000000c7300000)
 Metaspace       used 63052K, capacity 66452K, committed 66560K, reserved 1105920K
  class space    used 8454K, capacity 9153K, committed 9216K, reserved 1048576K
}
Event: 3349.276 GC heap before
{Heap before GC invocations=27 (full 6):
 PSYoungGen      total 266752K, used 82447K [0x00000000eab00000, 0x00000000fd400000, 0x0000000100000000)
  eden space 250368K, 26% used [0x00000000eab00000,0x00000000eebeea80,0x00000000f9f80000)
  from space 16384K, 97% used [0x00000000fc400000,0x00000000fd3954e0,0x00000000fd400000)
  to   space 23552K, 0% used [0x00000000fa600000,0x00000000fa600000,0x00000000fbd00000)
 ParOldGen       total 117760K, used 66299K [0x00000000c0000000, 0x00000000c7300000, 0x00000000eab00000)
  object space 117760K, 56% used [0x00000000c0000000,0x00000000c40bee88,0x00000000c7300000)
 Metaspace       used 63234K, capacity 66622K, committed 66816K, reserved 1107968K
  class space    used 8459K, capacity 9160K, committed 9216K, reserved 1048576K
Event: 3349.554 GC heap after
Heap after GC invocations=27 (full 6):
 PSYoungGen      total 252416K, used 1632K [0x00000000eab00000, 0x00000000fcd80000, 0x0000000100000000)
  eden space 250368K, 0% used [0x00000000eab00000,0x00000000eab00000,0x00000000f9f80000)
  from space 2048K, 79% used [0x00000000fa600000,0x00000000fa798000,0x00000000fa800000)
  to   space 23552K, 0% used [0x00000000fb680000,0x00000000fb680000,0x00000000fcd80000)
 ParOldGen       total 117760K, used 66307K [0x00000000c0000000, 0x00000000c7300000, 0x00000000eab00000)
  object space 117760K, 56% used [0x00000000c0000000,0x00000000c40c0e88,0x00000000c7300000)
 Metaspace       used 63234K, capacity 66622K, committed 66816K, reserved 1107968K
  class space    used 8459K, capacity 9160K, committed 9216K, reserved 1048576K
}
Event: 3349.554 GC heap before
{Heap before GC invocations=28 (full 7):
 PSYoungGen      total 252416K, used 1632K [0x00000000eab00000, 0x00000000fcd80000, 0x0000000100000000)
  eden space 250368K, 0% used [0x00000000eab00000,0x00000000eab00000,0x00000000f9f80000)
  from space 2048K, 79% used [0x00000000fa600000,0x00000000fa798000,0x00000000fa800000)
  to   space 23552K, 0% used [0x00000000fb680000,0x00000000fb680000,0x00000000fcd80000)
 ParOldGen       total 117760K, used 66307K [0x00000000c0000000, 0x00000000c7300000, 0x00000000eab00000)
  object space 117760K, 56% used [0x00000000c0000000,0x00000000c40c0e88,0x00000000c7300000)
 Metaspace       used 63234K, capacity 66622K, committed 66816K, reserved 1107968K
  class space    used 8459K, capacity 9160K, committed 9216K, reserved 1048576K
Event: 3361.403 GC heap after
Heap after GC invocations=28 (full 7):
 PSYoungGen      total 252416K, used 0K [0x00000000eab00000, 0x00000000fcd80000, 0x0000000100000000)
  eden space 250368K, 0% used [0x00000000eab00000,0x00000000eab00000,0x00000000f9f80000)
  from space 2048K, 0% used [0x00000000fa600000,0x00000000fa600000,0x00000000fa800000)
  to   space 23552K, 0% used [0x00000000fb680000,0x00000000fb680000,0x00000000fcd80000)
 ParOldGen       total 117760K, used 44790K [0x00000000c0000000, 0x00000000c7300000, 0x00000000eab00000)
  object space 117760K, 38% used [0x00000000c0000000,0x00000000c2bbd910,0x00000000c7300000)
 Metaspace       used 61236K, capacity 63292K, committed 66816K, reserved 1107968K
  class space    used 8024K, capacity 8361K, committed 9216K, reserved 1048576K
}

Deoptimization events (10 events):
Event: 4106.548 Thread 0x00000000179c5000 Uncommon trap: reason=unstable_if action=reinterpret pc=0x0000000002f3c840 method=java.lang.ref.SoftReference.get()Ljava/lang/Object; @ 6
Event: 4107.995 Thread 0x00000000179c5000 Uncommon trap: reason=array_check action=maybe_recompile pc=0x00000000021a25b4 method=java.util.ComparableTimSort.binarySort([Ljava/lang/Object;III)V @ 215
Event: 4108.989 Thread 0x00000000179c5000 Uncommon trap: reason=unstable_if action=reinterpret pc=0x00000000033eaf2c method=java.lang.ref.SoftReference.get()Ljava/lang/Object; @ 6
Event: 4109.385 Thread 0x00000000179c5000 Uncommon trap: reason=array_check action=maybe_recompile pc=0x00000000020afb30 method=java.util.ComparableTimSort.binarySort([Ljava/lang/Object;III)V @ 183
Event: 4110.393 Thread 0x00000000179c5000 Uncommon trap: reason=array_check action=maybe_recompile pc=0x00000000020afb30 method=java.util.ComparableTimSort.binarySort([Ljava/lang/Object;III)V @ 183
Event: 4110.438 Thread 0x00000000179c5000 Uncommon trap: reason=unstable_if action=reinterpret pc=0x000000000365c9d0 method=java.lang.ref.SoftReference.get()Ljava/lang/Object; @ 6
Event: 4120.821 Thread 0x00000000179c5000 Uncommon trap: reason=unstable_if action=reinterpret pc=0x000000000353e520 method=java.lang.ref.SoftReference.get()Ljava/lang/Object; @ 6
Event: 4120.911 Thread 0x00000000179c5000 Uncommon trap: reason=unstable_if action=reinterpret pc=0x00000000039331dc method=java.lang.ref.SoftReference.get()Ljava/lang/Object; @ 6
Event: 4143.594 Thread 0x00000000179c5000 Uncommon trap: reason=unstable_if action=reinterpret pc=0x00000000033319f8 method=java.lang.ref.SoftReference.get()Ljava/lang/Object; @ 6
Event: 4144.056 Thread 0x00000000179c5000 Uncommon trap: reason=unstable_if action=reinterpret pc=0x0000000003560cbc method=java.lang.ref.SoftReference.get()Ljava/lang/Object; @ 6

Internal exceptions (10 events):
Event: 4079.721 Thread 0x00000000179c2000 Exception <a 'java/lang/NoSuchMethodError': <clinit>> (0x00000000eaef72b0) thrown at [C:\workspace\8-2-build-windows-amd64-cygwin\jdk8u65\4987\hotspot\src\share\vm\prims\jni.cpp, line 1591]
Event: 4085.559 Thread 0x00000000179c5000 Exception <a 'java/lang/NoSuchMethodError': <clinit>> (0x00000000eb041340) thrown at [C:\workspace\8-2-build-windows-amd64-cygwin\jdk8u65\4987\hotspot\src\share\vm\prims\jni.cpp, line 1591]
Event: 4085.718 Thread 0x00000000179c5000 Exception <a 'java/lang/NoSuchMethodError': <clinit>> (0x00000000eb049560) thrown at [C:\workspace\8-2-build-windows-amd64-cygwin\jdk8u65\4987\hotspot\src\share\vm\prims\jni.cpp, line 1591]
Event: 4100.011 Thread 0x00000000179c5000 Implicit null exception at 0x0000000002ea0a03 to 0x0000000002ea0f6d
Event: 4103.933 Thread 0x00000000179c5000 Implicit null exception at 0x0000000002eb59c1 to 0x0000000002eb63a5
Event: 4106.200 Thread 0x00000000179c5000 Implicit null exception at 0x0000000002b9caa3 to 0x0000000002b9d101
Event: 4106.548 Thread 0x00000000179c5000 Implicit null exception at 0x0000000002f3be41 to 0x0000000002f3c825
Event: 4108.467 Thread 0x00000000179c5000 Exception <a 'java/lang/ClassNotFoundException': asLocalRepo72_dctiocnl7c1q0h96v5jafzmriBeanInfo> (0x00000000eb2eeec0) thrown at [C:\workspace\8-2-build-windows-amd64-cygwin\jdk8u65\4987\hotspot\src\share\vm\classfile\systemDictionary.cpp, line 210]
Event: 4108.501 Thread 0x00000000179c5000 Exception <a 'java/lang/ClassNotFoundException': asLocalRepo72_dctiocnl7c1q0h96v5jafzmriCustomizer> (0x00000000eb2f83b0) thrown at [C:\workspace\8-2-build-windows-amd64-cygwin\jdk8u65\4987\hotspot\src\share\vm\classfile\systemDictionary.cpp, line 210]
Event: 4143.573 Thread 0x00000000179c5000 Implicit null exception at 0x0000000003330422 to 0x00000000033319c9

Events (10 events):
Event: 4144.379 Executing VM operation: RevokeBias done
Event: 4144.380 Executing VM operation: RevokeBias
Event: 4144.380 Executing VM operation: RevokeBias done
Event: 4144.381 Thread 0x0000000014655000 flushing nmethod 0x00000000020a0290
Event: 4144.381 Executing VM operation: BulkRevokeBias
Event: 4144.389 Executing VM operation: BulkRevokeBias done
Event: 4144.390 Thread 0x0000000014655000 flushing nmethod 0x00000000020f5f90
Event: 4144.403 Thread 0x0000000014655000 flushing nmethod 0x00000000021377d0
Event: 4144.423 Thread 0x0000000014655000 flushing nmethod 0x0000000002146f10
Event: 4144.467 Thread 0x000000001464e000 flushing nmethod 0x00000000021b9550


Dynamic libraries:
0x00007ff668b50000 - 0x00007ff668b87000 	C:\Program Files\Java\jdk1.8.0_65\bin\java.exe
0x00007ffc6f310000 - 0x00007ffc6f4bc000 	C:\Windows\SYSTEM32\ntdll.dll
0x00007ffc6cf00000 - 0x00007ffc6d03e000 	C:\Windows\system32\KERNEL32.DLL
0x00007ffc6c630000 - 0x00007ffc6c745000 	C:\Windows\system32\KERNELBASE.dll
0x00007ffc6b000000 - 0x00007ffc6b08e000 	C:\Windows\system32\apphelp.dll
0x00007ffc63240000 - 0x00007ffc63293000 	C:\Windows\AppPatch\AppPatch64\AcGenral.DLL
0x00007ffc6e860000 - 0x00007ffc6e90a000 	C:\Windows\system32\msvcrt.dll
0x00007ffc6c230000 - 0x00007ffc6c25e000 	C:\Windows\SYSTEM32\SspiCli.dll
0x00007ffc6e990000 - 0x00007ffc6e9e4000 	C:\Windows\system32\SHLWAPI.dll
0x00007ffc6c990000 - 0x00007ffc6cb07000 	C:\Windows\system32\USER32.dll
0x00007ffc6ee30000 - 0x00007ffc6efc4000 	C:\Windows\system32\ole32.dll
0x00007ffc6d100000 - 0x00007ffc6e62b000 	C:\Windows\system32\SHELL32.dll
0x00007ffc6ba00000 - 0x00007ffc6ba21000 	C:\Windows\SYSTEM32\USERENV.dll
0x00007ffc6f180000 - 0x00007ffc6f22a000 	C:\Windows\system32\ADVAPI32.dll
0x00007ffc5ee40000 - 0x00007ffc5ee5e000 	C:\Windows\SYSTEM32\MPR.dll
0x00007ffc6cb10000 - 0x00007ffc6cc51000 	C:\Windows\system32\RPCRT4.dll
0x00007ffc6ec10000 - 0x00007ffc6ec69000 	C:\Windows\SYSTEM32\sechost.dll
0x00007ffc6e9f0000 - 0x00007ffc6ec01000 	C:\Windows\SYSTEM32\combase.dll
0x00007ffc6ec80000 - 0x00007ffc6edcf000 	C:\Windows\system32\GDI32.dll
0x00007ffc6c460000 - 0x00007ffc6c475000 	C:\Windows\SYSTEM32\profapi.dll
0x00007ffc6a9b0000 - 0x00007ffc6aa62000 	C:\Windows\SYSTEM32\SHCORE.dll
0x00007ffc6d040000 - 0x00007ffc6d076000 	C:\Windows\system32\IMM32.DLL
0x00007ffc6e630000 - 0x00007ffc6e782000 	C:\Windows\system32\MSCTF.dll
0x00007ffc6a530000 - 0x00007ffc6a7ab000 	C:\Windows\WinSxS\amd64_microsoft.windows.common-controls_6595b64144ccf1df_6.0.9600.18006_none_623f33d3ecbe86e8\COMCTL32.dll
0x0000000067370000 - 0x0000000067442000 	C:\Program Files\Java\jdk1.8.0_65\jre\bin\msvcr100.dll
0x0000000067450000 - 0x0000000067cd9000 	C:\Program Files\Java\jdk1.8.0_65\jre\bin\server\jvm.dll
0x00007ffc6a270000 - 0x00007ffc6a279000 	C:\Windows\SYSTEM32\WSOCK32.dll
0x00007ffc69dd0000 - 0x00007ffc69df2000 	C:\Windows\SYSTEM32\WINMM.dll
0x00007ffc69e00000 - 0x00007ffc69e0a000 	C:\Windows\SYSTEM32\VERSION.dll
0x00007ffc6e980000 - 0x00007ffc6e987000 	C:\Windows\system32\PSAPI.DLL
0x00007ffc6edd0000 - 0x00007ffc6ee2a000 	C:\Windows\system32\WS2_32.dll
0x00007ffc69cc0000 - 0x00007ffc69cea000 	C:\Windows\SYSTEM32\WINMMBASE.dll
0x00007ffc6f300000 - 0x00007ffc6f309000 	C:\Windows\system32\NSI.dll
0x00007ffc6c530000 - 0x00007ffc6c57f000 	C:\Windows\SYSTEM32\cfgmgr32.dll
0x00007ffc6b270000 - 0x00007ffc6b298000 	C:\Windows\SYSTEM32\DEVOBJ.dll
0x0000000067360000 - 0x000000006736f000 	C:\Program Files\Java\jdk1.8.0_65\jre\bin\verify.dll
0x0000000067330000 - 0x0000000067359000 	C:\Program Files\Java\jdk1.8.0_65\jre\bin\java.dll
0x0000000067310000 - 0x0000000067326000 	C:\Program Files\Java\jdk1.8.0_65\jre\bin\zip.dll
0x00000000672f0000 - 0x000000006730a000 	C:\Program Files\Java\jdk1.8.0_65\jre\bin\net.dll
0x00007ffc6bc70000 - 0x00007ffc6bcc9000 	C:\Windows\system32\mswsock.dll
0x00000000672d0000 - 0x00000000672e1000 	C:\Program Files\Java\jdk1.8.0_65\jre\bin\nio.dll
0x00007ffc69210000 - 0x00007ffc69222000 	C:\Users\Rachain\.gradle\native\19\windows-amd64\native-platform.dll
0x00007ffc67d60000 - 0x00007ffc67d8a000 	C:\Windows\SYSTEM32\IPHLPAPI.DLL
0x00007ffc67d00000 - 0x00007ffc67d0a000 	C:\Windows\SYSTEM32\WINNSI.DLL
0x00007ffc679c0000 - 0x00007ffc679d6000 	C:\Windows\SYSTEM32\dhcpcsvc6.DLL
0x00007ffc67a10000 - 0x00007ffc67a2a000 	C:\Windows\SYSTEM32\dhcpcsvc.DLL
0x00007ffc6bcd0000 - 0x00007ffc6bcf0000 	C:\Windows\SYSTEM32\CRYPTSP.dll
0x00007ffc6b8f0000 - 0x00007ffc6b926000 	C:\Windows\system32\rsaenh.dll
0x00007ffc6bf40000 - 0x00007ffc6bf66000 	C:\Windows\SYSTEM32\bcrypt.dll
0x00007ffc6c260000 - 0x00007ffc6c2c3000 	C:\Windows\system32\bcryptprimitives.dll
0x00007ffc6c2d0000 - 0x00007ffc6c2db000 	C:\Windows\SYSTEM32\CRYPTBASE.dll
0x00000000670d0000 - 0x00000000670dd000 	C:\Program Files\Java\jdk1.8.0_65\jre\bin\management.dll
0x00007ffc4d8f0000 - 0x00007ffc4da79000 	C:\Windows\SYSTEM32\dbghelp.dll

VM Arguments:
jvm_args: -XX:MaxPermSize=256m -XX:+HeapDumpOnOutOfMemoryError -Xmx1024m -Dfile.encoding=x-windows-874 -Duser.country=US -Duser.language=en -Duser.variant 
java_command: org.gradle.launcher.daemon.bootstrap.GradleDaemon 2.8
java_class_path (initial): C:\Program Files\Android\Android Studio\gradle\gradle-2.8\lib\gradle-launcher-2.8.jar
Launcher Type: SUN_STANDARD

Environment Variables:
JAVA_HOME=C:\Program Files\Java\jdk1.8.0_65
PATH=C:\ProgramData\Oracle\Java\javapath;c:\Program Files (x86)\NVIDIA Corporation\PhysX\Common;C:\Windows\system32;C:\Windows;C:\Windows\System32\Wbem;C:\Windows\System32\WindowsPowerShell\v1.0\;C:\Program Files\Git\cmd;C:\Program Files\Java\jdk1.8.0_65\bin
USERNAME=Rachain
OS=Windows_NT
PROCESSOR_IDENTIFIER=Intel64 Family 6 Model 61 Stepping 4, GenuineIntel



---------------  S Y S T E M  ---------------

OS: Windows 8.1 , 64 bit Build 9600 (6.3.9600.17415)

CPU:total 4 (2 cores per cpu, 2 threads per core) family 6 model 61 stepping 4, cmov, cx8, fxsr, mmx, sse, sse2, sse3, ssse3, sse4.1, sse4.2, popcnt, avx, avx2, aes, clmul, erms, 3dnowpref, lzcnt, ht, tsc, tscinvbit, bmi1, bmi2, adx

Memory: 4k page, physical 4120944k(139148k free), swap 6124016k(871316k free)

vm_info: Java HotSpot(TM) 64-Bit Server VM (25.65-b01) for windows-amd64 JRE (1.8.0_65-b17), built on Oct  6 2015 16:39:20 by "java_re" with MS VC++ 10.0 (VS2010)

time: Fri Jan 08 09:34:10 2016
elapsed time: 4145 seconds (0d 1h 9m 5s)

